This file contains any messages produced by compilers while
running configure, to aid debugging if configure makes a mistake.

It was created by numactl configure 2.0.14, which was
generated by GNU Autoconf 2.69.  Invocation command line was

  $ ./configure --target=aarch64-linux-gnu --host=aarch64-linux-gnu --build=x86_64-pc-linux-gnu --prefix=/workspace/huafeng.huang/workspace/rt-tests/numactl-2.0.14/../usr --enable-static

## --------- ##
## Platform. ##
## --------- ##

hostname = sz-bs02
uname -m = x86_64
uname -r = 5.9.2-050902-generic
uname -s = Linux
uname -v = #202010290646 SMP Thu Oct 29 11:11:09 UTC 2020

/usr/bin/uname -p = unknown
/bin/uname -X     = unknown

/bin/arch              = unknown
/usr/bin/arch -k       = unknown
/usr/convex/getsysinfo = unknown
/usr/bin/hostinfo      = unknown
/bin/machine           = unknown
/usr/bin/oslevel       = unknown
/bin/universe          = unknown

PATH: /home/huafeng.huang/bin
PATH: /home/huafeng.huang/.local/bin
PATH: /usr/local/sbin
PATH: /usr/local/bin
PATH: /usr/sbin
PATH: /usr/bin
PATH: /sbin
PATH: /bin
PATH: /usr/games
PATH: /usr/local/games
PATH: /snap/bin
PATH: /usr/lib/jdk/jdk1.8.0_231//bin
PATH: /tool/gcc_linaro/gcc-arm-none-eabi-7.3.1/bin
PATH: /tool/gcc_linaro/gcc-linaro-7.3.1-2018.05-x86_64_aarch64-elf/bin
PATH: /tool/check_tools
PATH: /opt/Perforce/Helix-QAC-2019.2/common/bin
PATH: /tool/gcc_linaro/gcc-linaro-7.3.1-2018.05-x86_64_aarch64-linux-gnu/bin


## ----------- ##
## Core tests. ##
## ----------- ##

configure:2174: checking for a BSD-compatible install
configure:2242: result: /usr/bin/install -c
configure:2253: checking whether build environment is sane
configure:2308: result: yes
configure:2367: checking for aarch64-linux-gnu-strip
configure:2394: result: aarch64-linux-gnu-strip
configure:2459: checking for a thread-safe mkdir -p
configure:2498: result: /bin/mkdir -p
configure:2505: checking for gawk
configure:2521: found /usr/bin/gawk
configure:2532: result: gawk
configure:2543: checking whether make sets $(MAKE)
configure:2565: result: yes
configure:2594: checking whether make supports nested variables
configure:2611: result: yes
configure:2748: checking whether make supports nested variables
configure:2765: result: yes
configure:2807: checking build system type
configure:2821: result: x86_64-pc-linux-gnu
configure:2841: checking host system type
configure:2854: result: aarch64-unknown-linux-gnu
configure:2895: checking how to print strings
configure:2922: result: printf
configure:2947: checking whether make supports the include directive
configure:2962: make -f confmf.GNU && cat confinc.out
this is the am__doit target
configure:2965: $? = 0
configure:2984: result: yes (GNU style)
configure:3014: checking for aarch64-linux-gnu-gcc
configure:3041: result: aarch64-linux-gnu-gcc
configure:3310: checking for C compiler version
configure:3319: aarch64-linux-gnu-gcc --version >&5
aarch64-linux-gnu-gcc (Linaro GCC 7.3-2018.05) 7.3.1 20180425 [linaro-7.3-2018.05 revision d29120a424ecfbc167ef90065c0eeb7f91977701]
Copyright (C) 2017 Free Software Foundation, Inc.
This is free software; see the source for copying conditions.  There is NO
warranty; not even for MERCHANTABILITY or FITNESS FOR A PARTICULAR PURPOSE.

configure:3330: $? = 0
configure:3319: aarch64-linux-gnu-gcc -v >&5
Using built-in specs.
COLLECT_GCC=aarch64-linux-gnu-gcc
COLLECT_LTO_WRAPPER=/tool/gcc_linaro/gcc-linaro-7.3.1-2018.05-x86_64_aarch64-linux-gnu/bin/../libexec/gcc/aarch64-linux-gnu/7.3.1/lto-wrapper
Target: aarch64-linux-gnu
Configured with: '/home/tcwg-buildslave/workspace/tcwg-make-release/builder_arch/amd64/label/tcwg-x86_64-build/target/aarch64-linux-gnu/snapshots/gcc.git~linaro-7.3-2018.05/configure' SHELL=/bin/bash --with-mpc=/home/tcwg-buildslave/workspace/tcwg-make-release/builder_arch/amd64/label/tcwg-x86_64-build/target/aarch64-linux-gnu/_build/builds/destdir/x86_64-unknown-linux-gnu --with-mpfr=/home/tcwg-buildslave/workspace/tcwg-make-release/builder_arch/amd64/label/tcwg-x86_64-build/target/aarch64-linux-gnu/_build/builds/destdir/x86_64-unknown-linux-gnu --with-gmp=/home/tcwg-buildslave/workspace/tcwg-make-release/builder_arch/amd64/label/tcwg-x86_64-build/target/aarch64-linux-gnu/_build/builds/destdir/x86_64-unknown-linux-gnu --with-gnu-as --with-gnu-ld --disable-libmudflap --enable-lto --enable-shared --without-included-gettext --enable-nls --with-system-zlib --disable-sjlj-exceptions --enable-gnu-unique-object --enable-linker-build-id --disable-libstdcxx-pch --enable-c99 --enable-clocale=gnu --enable-libstdcxx-debug --enable-long-long --with-cloog=no --with-ppl=no --with-isl=no --disable-multilib --enable-fix-cortex-a53-835769 --enable-fix-cortex-a53-843419 --with-arch=armv8-a --enable-threads=posix --enable-multiarch --enable-libstdcxx-time=yes --enable-gnu-indirect-function --with-build-sysroot=/home/tcwg-buildslave/workspace/tcwg-make-release/builder_arch/amd64/label/tcwg-x86_64-build/target/aarch64-linux-gnu/_build/sysroots/aarch64-linux-gnu --with-sysroot=/home/tcwg-buildslave/workspace/tcwg-make-release/builder_arch/amd64/label/tcwg-x86_64-build/target/aarch64-linux-gnu/_build/builds/destdir/x86_64-unknown-linux-gnu/aarch64-linux-gnu/libc --enable-checking=release --disable-bootstrap --enable-languages=c,c++,fortran,lto --build=x86_64-unknown-linux-gnu --host=x86_64-unknown-linux-gnu --target=aarch64-linux-gnu --prefix=/home/tcwg-buildslave/workspace/tcwg-make-release/builder_arch/amd64/label/tcwg-x86_64-build/target/aarch64-linux-gnu/_build/builds/destdir/x86_64-unknown-linux-gnu
Thread model: posix
gcc version 7.3.1 20180425 [linaro-7.3-2018.05 revision d29120a424ecfbc167ef90065c0eeb7f91977701] (Linaro GCC 7.3-2018.05) 
configure:3330: $? = 0
configure:3319: aarch64-linux-gnu-gcc -V >&5
aarch64-linux-gnu-gcc: error: unrecognized command line option '-V'
aarch64-linux-gnu-gcc: fatal error: no input files
compilation terminated.
configure:3330: $? = 1
configure:3319: aarch64-linux-gnu-gcc -qversion >&5
aarch64-linux-gnu-gcc: error: unrecognized command line option '-qversion'; did you mean '--version'?
aarch64-linux-gnu-gcc: fatal error: no input files
compilation terminated.
configure:3330: $? = 1
configure:3350: checking whether the C compiler works
configure:3372: aarch64-linux-gnu-gcc    conftest.c  >&5
configure:3376: $? = 0
configure:3424: result: yes
configure:3427: checking for C compiler default output file name
configure:3429: result: a.out
configure:3435: checking for suffix of executables
configure:3442: aarch64-linux-gnu-gcc -o conftest    conftest.c  >&5
configure:3446: $? = 0
configure:3468: result: 
configure:3490: checking whether we are cross compiling
configure:3528: result: yes
configure:3533: checking for suffix of object files
configure:3555: aarch64-linux-gnu-gcc -c   conftest.c >&5
configure:3559: $? = 0
configure:3580: result: o
configure:3584: checking whether we are using the GNU C compiler
configure:3603: aarch64-linux-gnu-gcc -c   conftest.c >&5
configure:3603: $? = 0
configure:3612: result: yes
configure:3621: checking whether aarch64-linux-gnu-gcc accepts -g
configure:3641: aarch64-linux-gnu-gcc -c -g  conftest.c >&5
configure:3641: $? = 0
configure:3682: result: yes
configure:3699: checking for aarch64-linux-gnu-gcc option to accept ISO C89
configure:3762: aarch64-linux-gnu-gcc  -c -g -O2  conftest.c >&5
configure:3762: $? = 0
configure:3775: result: none needed
configure:3800: checking whether aarch64-linux-gnu-gcc understands -c and -o together
configure:3822: aarch64-linux-gnu-gcc -c conftest.c -o conftest2.o
configure:3825: $? = 0
configure:3822: aarch64-linux-gnu-gcc -c conftest.c -o conftest2.o
configure:3825: $? = 0
configure:3837: result: yes
configure:3856: checking dependency style of aarch64-linux-gnu-gcc
configure:3967: result: gcc3
configure:3982: checking for a sed that does not truncate output
configure:4046: result: /bin/sed
configure:4064: checking for grep that handles long lines and -e
configure:4122: result: /bin/grep
configure:4127: checking for egrep
configure:4189: result: /bin/grep -E
configure:4194: checking for fgrep
configure:4256: result: /bin/grep -F
configure:4291: checking for ld used by aarch64-linux-gnu-gcc
configure:4358: result: aarch64-linux-gnu-ld
configure:4365: checking if the linker (aarch64-linux-gnu-ld) is GNU ld
configure:4380: result: yes
configure:4392: checking for BSD- or MS-compatible name lister (nm)
configure:4446: result: /tool/gcc_linaro/gcc-linaro-7.3.1-2018.05-x86_64_aarch64-linux-gnu/bin/aarch64-linux-gnu-nm -B
configure:4576: checking the name lister (/tool/gcc_linaro/gcc-linaro-7.3.1-2018.05-x86_64_aarch64-linux-gnu/bin/aarch64-linux-gnu-nm -B) interface
configure:4583: aarch64-linux-gnu-gcc -c -g -O2  conftest.c >&5
configure:4586: /tool/gcc_linaro/gcc-linaro-7.3.1-2018.05-x86_64_aarch64-linux-gnu/bin/aarch64-linux-gnu-nm -B "conftest.o"
configure:4589: output
0000000000000000 B some_variable
configure:4596: result: BSD nm
configure:4599: checking whether ln -s works
configure:4603: result: yes
configure:4611: checking the maximum length of command line arguments
configure:4742: result: 3458764513820540925
configure:4790: checking how to convert x86_64-pc-linux-gnu file names to aarch64-unknown-linux-gnu format
configure:4830: result: func_convert_file_noop
configure:4837: checking how to convert x86_64-pc-linux-gnu file names to toolchain format
configure:4857: result: func_convert_file_noop
configure:4864: checking for aarch64-linux-gnu-ld option to reload object files
configure:4871: result: -r
configure:4905: checking for aarch64-linux-gnu-objdump
configure:4921: found /tool/gcc_linaro/gcc-linaro-7.3.1-2018.05-x86_64_aarch64-linux-gnu/bin/aarch64-linux-gnu-objdump
configure:4932: result: aarch64-linux-gnu-objdump
configure:5004: checking how to recognize dependent libraries
configure:5204: result: pass_all
configure:5249: checking for aarch64-linux-gnu-dlltool
configure:5279: result: no
configure:5289: checking for dlltool
configure:5319: result: no
configure:5349: checking how to associate runtime and link libraries
configure:5376: result: printf %s\n
configure:5393: checking for aarch64-linux-gnu-ar
configure:5420: result: aarch64-linux-gnu-ar
configure:5501: checking for archiver @FILE support
configure:5518: aarch64-linux-gnu-gcc -c -g -O2  conftest.c >&5
configure:5518: $? = 0
configure:5521: aarch64-linux-gnu-ar cru libconftest.a @conftest.lst >&5
configure:5524: $? = 0
configure:5529: aarch64-linux-gnu-ar cru libconftest.a @conftest.lst >&5
aarch64-linux-gnu-ar: conftest.o: No such file or directory
configure:5532: $? = 1
configure:5544: result: @
configure:5562: checking for aarch64-linux-gnu-strip
configure:5589: result: aarch64-linux-gnu-strip
configure:5661: checking for aarch64-linux-gnu-ranlib
configure:5688: result: aarch64-linux-gnu-ranlib
configure:5830: checking command to parse /tool/gcc_linaro/gcc-linaro-7.3.1-2018.05-x86_64_aarch64-linux-gnu/bin/aarch64-linux-gnu-nm -B output from aarch64-linux-gnu-gcc object
configure:5983: aarch64-linux-gnu-gcc -c -g -O2  conftest.c >&5
configure:5986: $? = 0
configure:5990: /tool/gcc_linaro/gcc-linaro-7.3.1-2018.05-x86_64_aarch64-linux-gnu/bin/aarch64-linux-gnu-nm -B conftest.o \| sed -n -e 's/^.*[ ]\([ABCDGIRSTW][ABCDGIRSTW]*\)[ ][ ]*\([_A-Za-z][_A-Za-z0-9]*\)$/\1 \2 \2/p' | sed '/ __gnu_lto/d' \> conftest.nm
configure:5993: $? = 0
configure:6059: aarch64-linux-gnu-gcc -o conftest -g -O2   conftest.c conftstm.o >&5
configure:6062: $? = 0
configure:6100: result: ok
configure:6147: checking for sysroot
configure:6177: result: no
configure:6184: checking for a working dd
configure:6222: result: /bin/dd
configure:6226: checking how to truncate binary pipes
configure:6241: result: /bin/dd bs=4096 count=1
configure:6530: checking for aarch64-linux-gnu-mt
configure:6560: result: no
configure:6570: checking for mt
configure:6586: found /bin/mt
configure:6597: result: mt
configure:6609: WARNING: using cross tools not prefixed with host triplet
configure:6620: checking if mt is a manifest tool
configure:6626: mt '-?'
configure:6634: result: no
configure:7311: checking how to run the C preprocessor
configure:7342: aarch64-linux-gnu-gcc -E  conftest.c
configure:7342: $? = 0
configure:7356: aarch64-linux-gnu-gcc -E  conftest.c
conftest.c:11:10: fatal error: ac_nonexistent.h: No such file or directory
 #include <ac_nonexistent.h>
          ^~~~~~~~~~~~~~~~~~
compilation terminated.
configure:7356: $? = 1
configure: failed program was:
| /* confdefs.h */
| #define PACKAGE_NAME "numactl"
| #define PACKAGE_TARNAME "numactl"
| #define PACKAGE_VERSION "2.0.14"
| #define PACKAGE_STRING "numactl 2.0.14"
| #define PACKAGE_BUGREPORT ""
| #define PACKAGE_URL ""
| #define PACKAGE "numactl"
| #define VERSION "2.0.14"
| /* end confdefs.h.  */
| #include <ac_nonexistent.h>
configure:7381: result: aarch64-linux-gnu-gcc -E
configure:7401: aarch64-linux-gnu-gcc -E  conftest.c
configure:7401: $? = 0
configure:7415: aarch64-linux-gnu-gcc -E  conftest.c
conftest.c:11:10: fatal error: ac_nonexistent.h: No such file or directory
 #include <ac_nonexistent.h>
          ^~~~~~~~~~~~~~~~~~
compilation terminated.
configure:7415: $? = 1
configure: failed program was:
| /* confdefs.h */
| #define PACKAGE_NAME "numactl"
| #define PACKAGE_TARNAME "numactl"
| #define PACKAGE_VERSION "2.0.14"
| #define PACKAGE_STRING "numactl 2.0.14"
| #define PACKAGE_BUGREPORT ""
| #define PACKAGE_URL ""
| #define PACKAGE "numactl"
| #define VERSION "2.0.14"
| /* end confdefs.h.  */
| #include <ac_nonexistent.h>
configure:7444: checking for ANSI C header files
configure:7464: aarch64-linux-gnu-gcc -c -g -O2  conftest.c >&5
configure:7464: $? = 0
configure:7548: result: yes
configure:7561: checking for sys/types.h
configure:7561: aarch64-linux-gnu-gcc -c -g -O2  conftest.c >&5
configure:7561: $? = 0
configure:7561: result: yes
configure:7561: checking for sys/stat.h
configure:7561: aarch64-linux-gnu-gcc -c -g -O2  conftest.c >&5
configure:7561: $? = 0
configure:7561: result: yes
configure:7561: checking for stdlib.h
configure:7561: aarch64-linux-gnu-gcc -c -g -O2  conftest.c >&5
configure:7561: $? = 0
configure:7561: result: yes
configure:7561: checking for string.h
configure:7561: aarch64-linux-gnu-gcc -c -g -O2  conftest.c >&5
configure:7561: $? = 0
configure:7561: result: yes
configure:7561: checking for memory.h
configure:7561: aarch64-linux-gnu-gcc -c -g -O2  conftest.c >&5
configure:7561: $? = 0
configure:7561: result: yes
configure:7561: checking for strings.h
configure:7561: aarch64-linux-gnu-gcc -c -g -O2  conftest.c >&5
configure:7561: $? = 0
configure:7561: result: yes
configure:7561: checking for inttypes.h
configure:7561: aarch64-linux-gnu-gcc -c -g -O2  conftest.c >&5
configure:7561: $? = 0
configure:7561: result: yes
configure:7561: checking for stdint.h
configure:7561: aarch64-linux-gnu-gcc -c -g -O2  conftest.c >&5
configure:7561: $? = 0
configure:7561: result: yes
configure:7561: checking for unistd.h
configure:7561: aarch64-linux-gnu-gcc -c -g -O2  conftest.c >&5
configure:7561: $? = 0
configure:7561: result: yes
configure:7575: checking for dlfcn.h
configure:7575: aarch64-linux-gnu-gcc -c -g -O2  conftest.c >&5
configure:7575: $? = 0
configure:7575: result: yes
configure:7831: checking for objdir
configure:7846: result: .libs
configure:8110: checking if aarch64-linux-gnu-gcc supports -fno-rtti -fno-exceptions
configure:8128: aarch64-linux-gnu-gcc -c -g -O2  -fno-rtti -fno-exceptions conftest.c >&5
cc1: warning: command line option '-fno-rtti' is valid for C++/ObjC++ but not for C
configure:8132: $? = 0
configure:8145: result: no
configure:8503: checking for aarch64-linux-gnu-gcc option to produce PIC
configure:8510: result: -fPIC -DPIC
configure:8518: checking if aarch64-linux-gnu-gcc PIC flag -fPIC -DPIC works
configure:8536: aarch64-linux-gnu-gcc -c -g -O2  -fPIC -DPIC -DPIC conftest.c >&5
configure:8540: $? = 0
configure:8553: result: yes
configure:8582: checking if aarch64-linux-gnu-gcc static flag -static works
configure:8610: result: yes
configure:8625: checking if aarch64-linux-gnu-gcc supports -c -o file.o
configure:8646: aarch64-linux-gnu-gcc -c -g -O2  -o out/conftest2.o conftest.c >&5
configure:8650: $? = 0
configure:8672: result: yes
configure:8680: checking if aarch64-linux-gnu-gcc supports -c -o file.o
configure:8727: result: yes
configure:8760: checking whether the aarch64-linux-gnu-gcc linker (aarch64-linux-gnu-ld) supports shared libraries
configure:10019: result: yes
configure:10056: checking whether -lc should be explicitly linked in
configure:10064: aarch64-linux-gnu-gcc -c -g -O2  conftest.c >&5
configure:10067: $? = 0
configure:10082: aarch64-linux-gnu-gcc -shared  -fPIC -DPIC conftest.o  -v -Wl,-soname -Wl,conftest -o conftest 2\>\&1 \| /bin/grep  -lc  \>/dev/null 2\>\&1
configure:10085: $? = 0
configure:10099: result: no
configure:10259: checking dynamic linker characteristics
configure:10840: aarch64-linux-gnu-gcc -o conftest -g -O2   -Wl,-rpath -Wl,/foo conftest.c  >&5
configure:10840: $? = 0
configure:11080: result: GNU/Linux ld.so
configure:11202: checking how to hardcode library paths into programs
configure:11227: result: immediate
configure:11775: checking whether stripping libraries is possible
configure:11780: result: yes
configure:11815: checking if libtool supports shared libraries
configure:11817: result: yes
configure:11820: checking whether to build shared libraries
configure:11845: result: yes
configure:11848: checking whether to build static libraries
configure:11852: result: yes
configure:11898: checking for aarch64-linux-gnu-gcc
configure:11925: result: aarch64-linux-gnu-gcc
configure:12194: checking for C compiler version
configure:12203: aarch64-linux-gnu-gcc --version >&5
aarch64-linux-gnu-gcc (Linaro GCC 7.3-2018.05) 7.3.1 20180425 [linaro-7.3-2018.05 revision d29120a424ecfbc167ef90065c0eeb7f91977701]
Copyright (C) 2017 Free Software Foundation, Inc.
This is free software; see the source for copying conditions.  There is NO
warranty; not even for MERCHANTABILITY or FITNESS FOR A PARTICULAR PURPOSE.

configure:12214: $? = 0
configure:12203: aarch64-linux-gnu-gcc -v >&5
Using built-in specs.
COLLECT_GCC=aarch64-linux-gnu-gcc
COLLECT_LTO_WRAPPER=/tool/gcc_linaro/gcc-linaro-7.3.1-2018.05-x86_64_aarch64-linux-gnu/bin/../libexec/gcc/aarch64-linux-gnu/7.3.1/lto-wrapper
Target: aarch64-linux-gnu
Configured with: '/home/tcwg-buildslave/workspace/tcwg-make-release/builder_arch/amd64/label/tcwg-x86_64-build/target/aarch64-linux-gnu/snapshots/gcc.git~linaro-7.3-2018.05/configure' SHELL=/bin/bash --with-mpc=/home/tcwg-buildslave/workspace/tcwg-make-release/builder_arch/amd64/label/tcwg-x86_64-build/target/aarch64-linux-gnu/_build/builds/destdir/x86_64-unknown-linux-gnu --with-mpfr=/home/tcwg-buildslave/workspace/tcwg-make-release/builder_arch/amd64/label/tcwg-x86_64-build/target/aarch64-linux-gnu/_build/builds/destdir/x86_64-unknown-linux-gnu --with-gmp=/home/tcwg-buildslave/workspace/tcwg-make-release/builder_arch/amd64/label/tcwg-x86_64-build/target/aarch64-linux-gnu/_build/builds/destdir/x86_64-unknown-linux-gnu --with-gnu-as --with-gnu-ld --disable-libmudflap --enable-lto --enable-shared --without-included-gettext --enable-nls --with-system-zlib --disable-sjlj-exceptions --enable-gnu-unique-object --enable-linker-build-id --disable-libstdcxx-pch --enable-c99 --enable-clocale=gnu --enable-libstdcxx-debug --enable-long-long --with-cloog=no --with-ppl=no --with-isl=no --disable-multilib --enable-fix-cortex-a53-835769 --enable-fix-cortex-a53-843419 --with-arch=armv8-a --enable-threads=posix --enable-multiarch --enable-libstdcxx-time=yes --enable-gnu-indirect-function --with-build-sysroot=/home/tcwg-buildslave/workspace/tcwg-make-release/builder_arch/amd64/label/tcwg-x86_64-build/target/aarch64-linux-gnu/_build/sysroots/aarch64-linux-gnu --with-sysroot=/home/tcwg-buildslave/workspace/tcwg-make-release/builder_arch/amd64/label/tcwg-x86_64-build/target/aarch64-linux-gnu/_build/builds/destdir/x86_64-unknown-linux-gnu/aarch64-linux-gnu/libc --enable-checking=release --disable-bootstrap --enable-languages=c,c++,fortran,lto --build=x86_64-unknown-linux-gnu --host=x86_64-unknown-linux-gnu --target=aarch64-linux-gnu --prefix=/home/tcwg-buildslave/workspace/tcwg-make-release/builder_arch/amd64/label/tcwg-x86_64-build/target/aarch64-linux-gnu/_build/builds/destdir/x86_64-unknown-linux-gnu
Thread model: posix
gcc version 7.3.1 20180425 [linaro-7.3-2018.05 revision d29120a424ecfbc167ef90065c0eeb7f91977701] (Linaro GCC 7.3-2018.05) 
configure:12214: $? = 0
configure:12203: aarch64-linux-gnu-gcc -V >&5
aarch64-linux-gnu-gcc: error: unrecognized command line option '-V'
aarch64-linux-gnu-gcc: fatal error: no input files
compilation terminated.
configure:12214: $? = 1
configure:12203: aarch64-linux-gnu-gcc -qversion >&5
aarch64-linux-gnu-gcc: error: unrecognized command line option '-qversion'; did you mean '--version'?
aarch64-linux-gnu-gcc: fatal error: no input files
compilation terminated.
configure:12214: $? = 1
configure:12218: checking whether we are using the GNU C compiler
configure:12246: result: yes
configure:12255: checking whether aarch64-linux-gnu-gcc accepts -g
configure:12316: result: yes
configure:12333: checking for aarch64-linux-gnu-gcc option to accept ISO C89
configure:12409: result: none needed
configure:12434: checking whether aarch64-linux-gnu-gcc understands -c and -o together
configure:12471: result: yes
configure:12490: checking dependency style of aarch64-linux-gnu-gcc
configure:12601: result: gcc3
configure:12639: checking for thread local storage (TLS) class
configure:12667: aarch64-linux-gnu-gcc -c   conftest.c >&5
configure:12667: $? = 0
configure:12679: result: __thread
configure:12692: checking whether C compiler accepts -ftree-vectorize
configure:12711: aarch64-linux-gnu-gcc -c   -ftree-vectorize  conftest.c >&5
configure:12711: $? = 0
configure:12719: result: yes
configure:12754: aarch64-linux-gnu-gcc -c   conftest.c >&5
conftest.c:24:1: warning: 'symver' attribute directive ignored [-Wattributes]
 __attribute__ ((symver ("foo@foo_1"))) void frob (void) { }
 ^~~~~~~~~~~~~
configure:12754: $? = 0
configure: failed program was:
| /* confdefs.h */
| #define PACKAGE_NAME "numactl"
| #define PACKAGE_TARNAME "numactl"
| #define PACKAGE_VERSION "2.0.14"
| #define PACKAGE_STRING "numactl 2.0.14"
| #define PACKAGE_BUGREPORT ""
| #define PACKAGE_URL ""
| #define PACKAGE "numactl"
| #define VERSION "2.0.14"
| #define STDC_HEADERS 1
| #define HAVE_SYS_TYPES_H 1
| #define HAVE_SYS_STAT_H 1
| #define HAVE_STDLIB_H 1
| #define HAVE_STRING_H 1
| #define HAVE_MEMORY_H 1
| #define HAVE_STRINGS_H 1
| #define HAVE_INTTYPES_H 1
| #define HAVE_STDINT_H 1
| #define HAVE_UNISTD_H 1
| #define HAVE_DLFCN_H 1
| #define LT_OBJDIR ".libs/"
| #define TLS __thread
| /* end confdefs.h.  */
| __attribute__ ((symver ("foo@foo_1"))) void frob (void) { }
configure:12870: checking that generated files are newer than configure
configure:12876: result: done
configure:12907: creating ./config.status

## ---------------------- ##
## Running config.status. ##
## ---------------------- ##

This file was extended by numactl config.status 2.0.14, which was
generated by GNU Autoconf 2.69.  Invocation command line was

  CONFIG_FILES    = 
  CONFIG_HEADERS  = 
  CONFIG_LINKS    = 
  CONFIG_COMMANDS = 
  $ ./config.status 

on sz-bs02

config.status:1087: creating Makefile
config.status:1087: creating config.h
config.status:1316: executing depfiles commands
config.status:1393: cd .       && sed -e '/# am--include-marker/d' Makefile         | make -f - am--depfiles
config.status:1398: $? = 0
config.status:1316: executing libtool commands

## ---------------- ##
## Cache variables. ##
## ---------------- ##

ac_cv_build=x86_64-pc-linux-gnu
ac_cv_c_compiler_gnu=yes
ac_cv_env_CC_set=set
ac_cv_env_CC_value=aarch64-linux-gnu-gcc
ac_cv_env_CFLAGS_set=
ac_cv_env_CFLAGS_value=
ac_cv_env_CPPFLAGS_set=
ac_cv_env_CPPFLAGS_value=
ac_cv_env_CPP_set=
ac_cv_env_CPP_value=
ac_cv_env_LDFLAGS_set=
ac_cv_env_LDFLAGS_value=
ac_cv_env_LIBS_set=
ac_cv_env_LIBS_value=
ac_cv_env_LT_SYS_LIBRARY_PATH_set=
ac_cv_env_LT_SYS_LIBRARY_PATH_value=
ac_cv_env_build_alias_set=set
ac_cv_env_build_alias_value=x86_64-pc-linux-gnu
ac_cv_env_host_alias_set=set
ac_cv_env_host_alias_value=aarch64-linux-gnu
ac_cv_env_target_alias_set=set
ac_cv_env_target_alias_value=aarch64-linux-gnu
ac_cv_header_dlfcn_h=yes
ac_cv_header_inttypes_h=yes
ac_cv_header_memory_h=yes
ac_cv_header_stdc=yes
ac_cv_header_stdint_h=yes
ac_cv_header_stdlib_h=yes
ac_cv_header_string_h=yes
ac_cv_header_strings_h=yes
ac_cv_header_sys_stat_h=yes
ac_cv_header_sys_types_h=yes
ac_cv_header_unistd_h=yes
ac_cv_host=aarch64-unknown-linux-gnu
ac_cv_objext=o
ac_cv_path_EGREP='/bin/grep -E'
ac_cv_path_FGREP='/bin/grep -F'
ac_cv_path_GREP=/bin/grep
ac_cv_path_SED=/bin/sed
ac_cv_path_install='/usr/bin/install -c'
ac_cv_path_lt_DD=/bin/dd
ac_cv_path_mkdir=/bin/mkdir
ac_cv_prog_AR=aarch64-linux-gnu-ar
ac_cv_prog_AWK=gawk
ac_cv_prog_CC=aarch64-linux-gnu-gcc
ac_cv_prog_CPP='aarch64-linux-gnu-gcc -E'
ac_cv_prog_OBJDUMP=aarch64-linux-gnu-objdump
ac_cv_prog_RANLIB=aarch64-linux-gnu-ranlib
ac_cv_prog_STRIP=aarch64-linux-gnu-strip
ac_cv_prog_ac_ct_MANIFEST_TOOL=mt
ac_cv_prog_cc_c89=
ac_cv_prog_cc_g=yes
ac_cv_prog_make_make_set=yes
ac_cv_tls=__thread
am_cv_CC_dependencies_compiler_type=gcc3
am_cv_make_support_nested_variables=yes
am_cv_prog_cc_c_o=yes
ax_cv_check_cflags___ftree_vectorize=yes
lt_cv_ar_at_file=@
lt_cv_archive_cmds_need_lc=no
lt_cv_deplibs_check_method=pass_all
lt_cv_file_magic_cmd='$MAGIC_CMD'
lt_cv_file_magic_test_file=
lt_cv_ld_reload_flag=-r
lt_cv_nm_interface='BSD nm'
lt_cv_objdir=.libs
lt_cv_path_LD=aarch64-linux-gnu-ld
lt_cv_path_NM='/tool/gcc_linaro/gcc-linaro-7.3.1-2018.05-x86_64_aarch64-linux-gnu/bin/aarch64-linux-gnu-nm -B'
lt_cv_path_mainfest_tool=no
lt_cv_prog_compiler_c_o=yes
lt_cv_prog_compiler_pic='-fPIC -DPIC'
lt_cv_prog_compiler_pic_works=yes
lt_cv_prog_compiler_rtti_exceptions=no
lt_cv_prog_compiler_static_works=yes
lt_cv_prog_gnu_ld=yes
lt_cv_sharedlib_from_linklib_cmd='printf %s\n'
lt_cv_shlibpath_overrides_runpath=no
lt_cv_sys_global_symbol_pipe='sed -n -e '\''s/^.*[	 ]\([ABCDGIRSTW][ABCDGIRSTW]*\)[	 ][	 ]*\([_A-Za-z][_A-Za-z0-9]*\)$/\1 \2 \2/p'\'' | sed '\''/ __gnu_lto/d'\'''
lt_cv_sys_global_symbol_to_c_name_address='sed -n -e '\''s/^: \(.*\) .*$/  {"\1", (void *) 0},/p'\'' -e '\''s/^[ABCDGIRSTW][ABCDGIRSTW]* .* \(.*\)$/  {"\1", (void *) \&\1},/p'\'''
lt_cv_sys_global_symbol_to_c_name_address_lib_prefix='sed -n -e '\''s/^: \(.*\) .*$/  {"\1", (void *) 0},/p'\'' -e '\''s/^[ABCDGIRSTW][ABCDGIRSTW]* .* \(lib.*\)$/  {"\1", (void *) \&\1},/p'\'' -e '\''s/^[ABCDGIRSTW][ABCDGIRSTW]* .* \(.*\)$/  {"lib\1", (void *) \&\1},/p'\'''
lt_cv_sys_global_symbol_to_cdecl='sed -n -e '\''s/^T .* \(.*\)$/extern int \1();/p'\'' -e '\''s/^[ABCDGIRSTW][ABCDGIRSTW]* .* \(.*\)$/extern char \1;/p'\'''
lt_cv_sys_global_symbol_to_import=
lt_cv_sys_max_cmd_len=3458764513820540925
lt_cv_to_host_file_cmd=func_convert_file_noop
lt_cv_to_tool_file_cmd=func_convert_file_noop
lt_cv_truncate_bin='/bin/dd bs=4096 count=1'

## ----------------- ##
## Output variables. ##
## ----------------- ##

ACLOCAL='${SHELL} /workspace/huafeng.huang/workspace/rt-tests/numactl-2.0.14/build-aux/missing aclocal-1.16'
AMDEPBACKSLASH='\'
AMDEP_FALSE='#'
AMDEP_TRUE=''
AMTAR='$${TAR-tar}'
AM_BACKSLASH='\'
AM_CFLAGS='-g -O2'
AM_DEFAULT_V='$(AM_DEFAULT_VERBOSITY)'
AM_DEFAULT_VERBOSITY='0'
AM_V='$(V)'
AR='aarch64-linux-gnu-ar'
AUTOCONF='${SHELL} /workspace/huafeng.huang/workspace/rt-tests/numactl-2.0.14/build-aux/missing autoconf'
AUTOHEADER='${SHELL} /workspace/huafeng.huang/workspace/rt-tests/numactl-2.0.14/build-aux/missing autoheader'
AUTOMAKE='${SHELL} /workspace/huafeng.huang/workspace/rt-tests/numactl-2.0.14/build-aux/missing automake-1.16'
AWK='gawk'
CC='aarch64-linux-gnu-gcc'
CCDEPMODE='depmode=gcc3'
CFLAGS=''
CPP='aarch64-linux-gnu-gcc -E'
CPPFLAGS=''
CYGPATH_W='echo'
DEFS='-DHAVE_CONFIG_H'
DEPDIR='.deps'
DLLTOOL='false'
DSYMUTIL=''
DUMPBIN=''
ECHO_C=''
ECHO_N='-n'
ECHO_T=''
EGREP='/bin/grep -E'
EXEEXT=''
FGREP='/bin/grep -F'
GREP='/bin/grep'
HAVE_TREE_VECTORIZE_FALSE='#'
HAVE_TREE_VECTORIZE_TRUE=''
INSTALL_DATA='${INSTALL} -m 644'
INSTALL_PROGRAM='${INSTALL}'
INSTALL_SCRIPT='${INSTALL}'
INSTALL_STRIP_PROGRAM='$(install_sh) -c -s'
LD='aarch64-linux-gnu-ld'
LDFLAGS=''
LIBOBJS=''
LIBS=''
LIBTOOL='$(SHELL) $(top_builddir)/libtool'
LIPO=''
LN_S='ln -s'
LTLIBOBJS=''
LT_SYS_LIBRARY_PATH=''
MAKEINFO='${SHELL} /workspace/huafeng.huang/workspace/rt-tests/numactl-2.0.14/build-aux/missing makeinfo'
MANIFEST_TOOL=':'
MKDIR_P='/bin/mkdir -p'
NM='/tool/gcc_linaro/gcc-linaro-7.3.1-2018.05-x86_64_aarch64-linux-gnu/bin/aarch64-linux-gnu-nm -B'
NMEDIT=''
OBJDUMP='aarch64-linux-gnu-objdump'
OBJEXT='o'
OTOOL64=''
OTOOL=''
PACKAGE='numactl'
PACKAGE_BUGREPORT=''
PACKAGE_NAME='numactl'
PACKAGE_STRING='numactl 2.0.14'
PACKAGE_TARNAME='numactl'
PACKAGE_URL=''
PACKAGE_VERSION='2.0.14'
PATH_SEPARATOR=':'
RANLIB='aarch64-linux-gnu-ranlib'
SED='/bin/sed'
SET_MAKE=''
SHELL='/bin/sh'
STRIP='aarch64-linux-gnu-strip'
VERSION='2.0.14'
ac_ct_AR=''
ac_ct_CC=''
ac_ct_DUMPBIN=''
am__EXEEXT_FALSE=''
am__EXEEXT_TRUE='#'
am__fastdepCC_FALSE='#'
am__fastdepCC_TRUE=''
am__include='include'
am__isrc=''
am__leading_dot='.'
am__nodep='_no'
am__quote=''
am__tar='$${TAR-tar} chof - "$$tardir"'
am__untar='$${TAR-tar} xf -'
bindir='${exec_prefix}/bin'
build='x86_64-pc-linux-gnu'
build_alias='x86_64-pc-linux-gnu'
build_cpu='x86_64'
build_os='linux-gnu'
build_vendor='pc'
datadir='${datarootdir}'
datarootdir='${prefix}/share'
docdir='${datarootdir}/doc/${PACKAGE_TARNAME}'
dvidir='${docdir}'
exec_prefix='${prefix}'
host='aarch64-unknown-linux-gnu'
host_alias='aarch64-linux-gnu'
host_cpu='aarch64'
host_os='linux-gnu'
host_vendor='unknown'
htmldir='${docdir}'
includedir='${prefix}/include'
infodir='${datarootdir}/info'
install_sh='${SHELL} /workspace/huafeng.huang/workspace/rt-tests/numactl-2.0.14/build-aux/install-sh'
libdir='${exec_prefix}/lib'
libexecdir='${exec_prefix}/libexec'
localedir='${datarootdir}/locale'
localstatedir='${prefix}/var'
mandir='${datarootdir}/man'
mkdir_p='$(MKDIR_P)'
oldincludedir='/usr/include'
pdfdir='${docdir}'
prefix='/workspace/huafeng.huang/workspace/rt-tests/numactl-2.0.14/../usr'
program_transform_name='s,x,x,'
psdir='${docdir}'
sbindir='${exec_prefix}/sbin'
sharedstatedir='${prefix}/com'
sysconfdir='${prefix}/etc'
target_alias='aarch64-linux-gnu'

## ----------- ##
## confdefs.h. ##
## ----------- ##

/* confdefs.h */
#define PACKAGE_NAME "numactl"
#define PACKAGE_TARNAME "numactl"
#define PACKAGE_VERSION "2.0.14"
#define PACKAGE_STRING "numactl 2.0.14"
#define PACKAGE_BUGREPORT ""
#define PACKAGE_URL ""
#define PACKAGE "numactl"
#define VERSION "2.0.14"
#define STDC_HEADERS 1
#define HAVE_SYS_TYPES_H 1
#define HAVE_SYS_STAT_H 1
#define HAVE_STDLIB_H 1
#define HAVE_STRING_H 1
#define HAVE_MEMORY_H 1
#define HAVE_STRINGS_H 1
#define HAVE_INTTYPES_H 1
#define HAVE_STDINT_H 1
#define HAVE_UNISTD_H 1
#define HAVE_DLFCN_H 1
#define LT_OBJDIR ".libs/"
#define TLS __thread

configure: exit 0
